<?xml version="1.0" encoding="UTF-8"?>
<testng-results skipped="0" failed="0" ignored="0" total="11" passed="11">
  <reporter-output>
  </reporter-output>
  <suite name="Default suite" duration-ms="109" started-at="2020-03-12T12:46:47Z" finished-at="2020-03-12T12:46:47Z">
    <groups>
    </groups>
    <test name="Default test" duration-ms="109" started-at="2020-03-12T12:46:47Z" finished-at="2020-03-12T12:46:47Z">
      <class name="testng.TestngPractice">
        <test-method status="PASS" signature="modifyUser()[pri:0, instance:testng.TestngPractice@5e5792a0]" name="modifyUser" duration-ms="16" started-at="2020-03-12T12:46:47Z" finished-at="2020-03-12T12:46:47Z">
          <reporter-output>
          </reporter-output>
        </test-method> <!-- modifyUser -->
        <test-method status="PASS" signature="modifyUser()[pri:0, instance:testng.TestngPractice@5e5792a0]" name="modifyUser" duration-ms="5" started-at="2020-03-12T12:46:47Z" finished-at="2020-03-12T12:46:47Z">
          <reporter-output>
          </reporter-output>
        </test-method> <!-- modifyUser -->
        <test-method status="PASS" signature="modifyUser()[pri:0, instance:testng.TestngPractice@5e5792a0]" name="modifyUser" duration-ms="1" started-at="2020-03-12T12:46:47Z" finished-at="2020-03-12T12:46:47Z">
          <reporter-output>
          </reporter-output>
        </test-method> <!-- modifyUser -->
        <test-method status="PASS" signature="modifyUser()[pri:0, instance:testng.TestngPractice@5e5792a0]" name="modifyUser" duration-ms="1" started-at="2020-03-12T12:46:47Z" finished-at="2020-03-12T12:46:47Z">
          <reporter-output>
          </reporter-output>
        </test-method> <!-- modifyUser -->
        <test-method status="PASS" signature="modifyUser()[pri:0, instance:testng.TestngPractice@5e5792a0]" name="modifyUser" duration-ms="1" started-at="2020-03-12T12:46:47Z" finished-at="2020-03-12T12:46:47Z">
          <reporter-output>
          </reporter-output>
        </test-method> <!-- modifyUser -->
        <test-method status="PASS" signature="modifyUser()[pri:0, instance:testng.TestngPractice@5e5792a0]" name="modifyUser" duration-ms="1" started-at="2020-03-12T12:46:47Z" finished-at="2020-03-12T12:46:47Z">
          <reporter-output>
          </reporter-output>
        </test-method> <!-- modifyUser -->
        <test-method status="PASS" signature="modifyUser()[pri:0, instance:testng.TestngPractice@5e5792a0]" name="modifyUser" duration-ms="1" started-at="2020-03-12T12:46:47Z" finished-at="2020-03-12T12:46:47Z">
          <reporter-output>
          </reporter-output>
        </test-method> <!-- modifyUser -->
        <test-method status="PASS" signature="modifyUser()[pri:0, instance:testng.TestngPractice@5e5792a0]" name="modifyUser" duration-ms="1" started-at="2020-03-12T12:46:47Z" finished-at="2020-03-12T12:46:47Z">
          <reporter-output>
          </reporter-output>
        </test-method> <!-- modifyUser -->
        <test-method status="PASS" signature="modifyUser()[pri:0, instance:testng.TestngPractice@5e5792a0]" name="modifyUser" duration-ms="4" started-at="2020-03-12T12:46:47Z" finished-at="2020-03-12T12:46:47Z">
          <reporter-output>
          </reporter-output>
        </test-method> <!-- modifyUser -->
        <test-method status="PASS" signature="modifyUser()[pri:0, instance:testng.TestngPractice@5e5792a0]" name="modifyUser" duration-ms="1" started-at="2020-03-12T12:46:47Z" finished-at="2020-03-12T12:46:47Z">
          <reporter-output>
          </reporter-output>
        </test-method> <!-- modifyUser -->
        <test-method status="PASS" signature="createUser()[pri:1, instance:testng.TestngPractice@5e5792a0]" name="createUser" duration-ms="2" started-at="2020-03-12T12:46:47Z" finished-at="2020-03-12T12:46:47Z">
          <reporter-output>
          </reporter-output>
        </test-method> <!-- createUser -->
      </class> <!-- testng.TestngPractice -->
    </test> <!-- Default test -->
  </suite> <!-- Default suite -->
</testng-results>
